<?xml version="1.0" encoding="UTF-8"?>
<testng-results ignored="0" total="1" passed="1" failed="0" skipped="0">
  <reporter-output>
  </reporter-output>
  <suite started-at="2022-02-27T19:30:52 IST" name="Suite" finished-at="2022-02-27T19:31:20 IST" duration-ms="28608">
    <groups>
    </groups>
    <test started-at="2022-02-27T19:30:52 IST" name="Test" finished-at="2022-02-27T19:31:20 IST" duration-ms="28608">
      <class name="SpiceJet.ticketBooking">
        <test-method signature="Booking()[pri:0, instance:SpiceJet.ticketBooking@6eda5c9]" started-at="2022-02-27T19:30:52 IST" name="Booking" finished-at="2022-02-27T19:31:20 IST" duration-ms="28543" status="PASS">
          <reporter-output>
          </reporter-output>
        </test-method> <!-- Booking -->
      </class> <!-- SpiceJet.ticketBooking -->
    </test> <!-- Test -->
  </suite> <!-- Suite -->
</testng-results>
